Base path: '/Applications/Unity/Hub/Editor/2019.3.8f1/Unity.app/Contents', plugins path '/Applications/Unity/Hub/Editor/2019.3.8f1/Unity.app/Contents/PlaybackEngines'
Cmd: initializeCompiler
Cmd: compileComputeKernel
  error: 1 plat 14 at FFTOcean.compute(141): implicit truncation of vector type
  error: 1 plat 14 at FFTOcean.compute(142): implicit truncation of vector type
  error: 1 plat 14 at FFTOcean.compute(143): implicit truncation of vector type
  error: 1 plat 14 at FFTOcean.compute(144): implicit truncation of vector type
  error: 1 plat 14 at FFTOcean.compute(170): integer divides may be much slower, try using uints if possible.
  error: 1 plat 14 at FFTOcean.compute(171): integer divides may be much slower, try using uints if possible.
  error: 1 plat 14 at FFTOcean.compute(173): integer divides may be much slower, try using uints if possible.
  error: 1 plat 14 at FFTOcean.compute(180): integer modulus may be much slower, try using uints if possible.
  api=14 insize=6286 outsize=2793 ok=1
Cmd: compileComputeKernel
  error: 1 plat 14 at FFTOcean.compute(134): integer divides may be much slower, try using uints if possible.
  error: 1 plat 14 at FFTOcean.compute(141): implicit truncation of vector type
  error: 1 plat 14 at FFTOcean.compute(142): implicit truncation of vector type
  error: 1 plat 14 at FFTOcean.compute(143): implicit truncation of vector type
  error: 1 plat 14 at FFTOcean.compute(144): implicit truncation of vector type
  api=14 insize=6283 outsize=3396 ok=1
Cmd: compileComputeKernel
  error: 1 plat 14 at FFTOcean.compute(141): implicit truncation of vector type
  error: 1 plat 14 at FFTOcean.compute(142): implicit truncation of vector type
  error: 1 plat 14 at FFTOcean.compute(143): implicit truncation of vector type
  error: 1 plat 14 at FFTOcean.compute(144): implicit truncation of vector type
  error: 1 plat 14 at FFTOcean.compute(170): integer divides may be much slower, try using uints if possible.
  error: 1 plat 14 at FFTOcean.compute(171): integer divides may be much slower, try using uints if possible.
  error: 1 plat 14 at FFTOcean.compute(173): integer divides may be much slower, try using uints if possible.
  error: 1 plat 14 at FFTOcean.compute(180): integer modulus may be much slower, try using uints if possible.
  api=14 insize=6281 outsize=2793 ok=1
Cmd: compileComputeKernel
  error: 1 plat 14 at FFTOcean.compute(124): implicit truncation of vector type
  error: 1 plat 14 at FFTOcean.compute(141): implicit truncation of vector type
  error: 1 plat 14 at FFTOcean.compute(142): implicit truncation of vector type
  error: 1 plat 14 at FFTOcean.compute(143): implicit truncation of vector type
  error: 1 plat 14 at FFTOcean.compute(144): implicit truncation of vector type
  error: 1 plat 14 at FFTOcean.compute(170): integer divides may be much slower, try using uints if possible.
  error: 1 plat 14 at FFTOcean.compute(171): integer divides may be much slower, try using uints if possible.
  error: 1 plat 14 at FFTOcean.compute(173): integer divides may be much slower, try using uints if possible.
  error: 1 plat 14 at FFTOcean.compute(180): integer modulus may be much slower, try using uints if possible.
  api=14 insize=6245 outsize=2793 ok=1
Cmd: compileComputeKernel
  error: 1 plat 14 at FFTOcean.compute(124): implicit truncation of vector type
  error: 1 plat 14 at FFTOcean.compute(141): implicit truncation of vector type
  error: 1 plat 14 at FFTOcean.compute(142): implicit truncation of vector type
  error: 1 plat 14 at FFTOcean.compute(143): implicit truncation of vector type
  error: 1 plat 14 at FFTOcean.compute(144): implicit truncation of vector type
  error: 1 plat 14 at FFTOcean.compute(170): integer divides may be much slower, try using uints if possible.
  error: 1 plat 14 at FFTOcean.compute(171): integer divides may be much slower, try using uints if possible.
  error: 1 plat 14 at FFTOcean.compute(173): integer divides may be much slower, try using uints if possible.
  error: 1 plat 14 at FFTOcean.compute(180): integer modulus may be much slower, try using uints if possible.
  api=14 insize=6230 outsize=2793 ok=1
Cmd: compileComputeKernel
  error: 1 plat 14 at FFTOcean.compute(128): implicit truncation of vector type
  error: 2 plat 14 at FFTOcean.compute(144): unrecognized identifier 'Disp'
  api=14 insize=6781 outsize=0 ok=0
Cmd: translateComputeKernel
  api=14 insize=2727 outsize=2728 ok=1
Cmd: compileComputeKernel
  error: 1 plat 14 at FFTOcean.compute(161): implicit truncation of vector type
  error: 1 plat 14 at FFTOcean.compute(162): implicit truncation of vector type
  error: 1 plat 14 at FFTOcean.compute(163): implicit truncation of vector type
  error: 1 plat 14 at FFTOcean.compute(164): implicit truncation of vector type
  api=14 insize=6887 outsize=2489 ok=1
Cmd: translateComputeKernel
  api=14 insize=3152 outsize=4085 ok=1
