Base path: '/Applications/Unity/Hub/Editor/2019.3.4f1/Unity.app/Contents', plugins path '/Applications/Unity/Hub/Editor/2019.3.4f1/Unity.app/Contents/PlaybackEngines'
Cmd: initializeCompiler
Cmd: compileComputeKernel
  api=14 insize=18731 outsize=9505 ok=1
Cmd: translateComputeKernel
  api=14 insize=9901 outsize=16818 ok=1
Cmd: translateComputeKernel
  api=14 insize=2071 outsize=3252 ok=1
Cmd: translateComputeKernel
  api=14 insize=5781 outsize=8380 ok=1
Cmd: translateComputeKernel
  api=14 insize=3604 outsize=4723 ok=1
Cmd: translateComputeKernel
  api=14 insize=3604 outsize=4723 ok=1
Cmd: compileComputeKernel
  error: 1 plat 14 at FFTOcean.compute(133): integer divides may be much slower, try using uints if possible.
  error: 1 plat 14 at FFTOcean.compute(140): implicit truncation of vector type
  error: 1 plat 14 at FFTOcean.compute(141): implicit truncation of vector type
  error: 1 plat 14 at FFTOcean.compute(142): implicit truncation of vector type
  error: 1 plat 14 at FFTOcean.compute(143): implicit truncation of vector type
  api=14 insize=6209 outsize=3396 ok=1
Cmd: translateComputeKernel
  api=14 insize=5282 outsize=7892 ok=1
Cmd: compileComputeKernel
  error: 1 plat 14 at FFTOcean.compute(140): implicit truncation of vector type
  error: 1 plat 14 at FFTOcean.compute(141): implicit truncation of vector type
  error: 1 plat 14 at FFTOcean.compute(142): implicit truncation of vector type
  error: 1 plat 14 at FFTOcean.compute(143): implicit truncation of vector type
  error: 1 plat 14 at FFTOcean.compute(188): integer divides may be much slower, try using uints if possible.
  error: 1 plat 14 at FFTOcean.compute(189): integer divides may be much slower, try using uints if possible.
  error: 1 plat 14 at FFTOcean.compute(191): integer divides may be much slower, try using uints if possible.
  error: 1 plat 14 at FFTOcean.compute(198): integer modulus may be much slower, try using uints if possible.
  api=14 insize=6204 outsize=2791 ok=1
Cmd: translateComputeKernel
  api=14 insize=2902 outsize=3872 ok=1
Cmd: translateComputeKernel
  api=14 insize=3604 outsize=4723 ok=1
Cmd: compileComputeKernel
  error: 1 plat 14 at FFTOcean.compute(140): implicit truncation of vector type
  error: 1 plat 14 at FFTOcean.compute(141): implicit truncation of vector type
  error: 1 plat 14 at FFTOcean.compute(142): implicit truncation of vector type
  error: 1 plat 14 at FFTOcean.compute(143): implicit truncation of vector type
  error: 1 plat 14 at FFTOcean.compute(169): integer divides may be much slower, try using uints if possible.
  error: 1 plat 14 at FFTOcean.compute(170): integer divides may be much slower, try using uints if possible.
  error: 1 plat 14 at FFTOcean.compute(172): integer divides may be much slower, try using uints if possible.
  error: 1 plat 14 at FFTOcean.compute(179): integer modulus may be much slower, try using uints if possible.
  api=14 insize=6208 outsize=2793 ok=1
Cmd: compileComputeKernel
  error: 2 plat 14 at FFTOcean.compute(123): undeclared identifier 'GetK'
  api=14 insize=6243 outsize=0 ok=0
Cmd: translateComputeKernel
  api=14 insize=2970 outsize=3996 ok=1
Cmd: compileComputeKernel
  error: 1 plat 14 at FFTOcean.compute(140): implicit truncation of vector type
  error: 1 plat 14 at FFTOcean.compute(141): implicit truncation of vector type
  error: 1 plat 14 at FFTOcean.compute(142): implicit truncation of vector type
  error: 1 plat 14 at FFTOcean.compute(143): implicit truncation of vector type
  api=14 insize=6248 outsize=1848 ok=1

Quitting shader compiler process
