Base path: '/Applications/Unity/Hub/Editor/2019.3.8f1/Unity.app/Contents', plugins path '/Applications/Unity/Hub/Editor/2019.3.8f1/Unity.app/Contents/PlaybackEngines'
Cmd: initializeCompiler
Cmd: compileComputeKernel
  error: 1 plat 14 at FFTOcean.compute(141): implicit truncation of vector type
  error: 1 plat 14 at FFTOcean.compute(142): implicit truncation of vector type
  error: 1 plat 14 at FFTOcean.compute(143): implicit truncation of vector type
  error: 1 plat 14 at FFTOcean.compute(144): implicit truncation of vector type
  error: 1 plat 14 at FFTOcean.compute(189): integer divides may be much slower, try using uints if possible.
  error: 1 plat 14 at FFTOcean.compute(190): integer divides may be much slower, try using uints if possible.
  error: 1 plat 14 at FFTOcean.compute(192): integer divides may be much slower, try using uints if possible.
  error: 1 plat 14 at FFTOcean.compute(199): integer modulus may be much slower, try using uints if possible.
  api=14 insize=6286 outsize=2791 ok=1
Cmd: translateComputeKernel
  api=14 insize=3604 outsize=4723 ok=1
Cmd: compileComputeKernel
  error: 2 plat 14 at FFTOcean.compute(124): cannot implicitly convert from 'const float2' to 'float4'
  api=14 insize=6284 outsize=0 ok=0
Cmd: translateComputeKernel
  api=14 insize=3604 outsize=4723 ok=1
Cmd: compileComputeKernel
  error: 1 plat 14 at FFTOcean.compute(124): implicit truncation of vector type
  error: 1 plat 14 at FFTOcean.compute(141): implicit truncation of vector type
  error: 1 plat 14 at FFTOcean.compute(142): implicit truncation of vector type
  error: 1 plat 14 at FFTOcean.compute(143): implicit truncation of vector type
  error: 1 plat 14 at FFTOcean.compute(144): implicit truncation of vector type
  api=14 insize=6245 outsize=1820 ok=1
Cmd: compileComputeKernel
  error: 1 plat 14 at FFTOcean.compute(124): implicit truncation of vector type
  error: 1 plat 14 at FFTOcean.compute(141): implicit truncation of vector type
  error: 1 plat 14 at FFTOcean.compute(142): implicit truncation of vector type
  error: 1 plat 14 at FFTOcean.compute(143): implicit truncation of vector type
  error: 1 plat 14 at FFTOcean.compute(144): implicit truncation of vector type
  error: 1 plat 14 at FFTOcean.compute(189): integer divides may be much slower, try using uints if possible.
  error: 1 plat 14 at FFTOcean.compute(190): integer divides may be much slower, try using uints if possible.
  error: 1 plat 14 at FFTOcean.compute(192): integer divides may be much slower, try using uints if possible.
  error: 1 plat 14 at FFTOcean.compute(199): integer modulus may be much slower, try using uints if possible.
  api=14 insize=6230 outsize=2791 ok=1
Cmd: compileComputeKernel
  error: 2 plat 14 at FFTOcean.compute(129): cannot implicitly convert from 'float2' to 'float4'
  api=14 insize=6887 outsize=0 ok=0
